<?xml version="1.0" encoding="UTF-8"?>
<testng-results ignored="0" total="2" passed="2" failed="0" skipped="0">
  <reporter-output>
  </reporter-output>
  <suite started-at="2025-04-14T07:50:16 ICT" name="Default suite" finished-at="2025-04-14T07:50:16 ICT" duration-ms="67">
    <groups>
    </groups>
    <test started-at="2025-04-14T07:50:16 ICT" name="Default test" finished-at="2025-04-14T07:50:16 ICT" duration-ms="67">
      <class name="com.poly.CalculatorTest">
        <test-method signature="testAdd()[pri:0, instance:com.poly.CalculatorTest@52e6fdee]" started-at="2025-04-14T07:50:16 ICT" name="testAdd" finished-at="2025-04-14T07:50:16 ICT" duration-ms="22" status="PASS">
          <reporter-output>
          </reporter-output>
        </test-method> <!-- testAdd -->
        <test-method signature="testSubtract()[pri:0, instance:com.poly.CalculatorTest@52e6fdee]" started-at="2025-04-14T07:50:16 ICT" name="testSubtract" finished-at="2025-04-14T07:50:16 ICT" duration-ms="2" status="PASS">
          <reporter-output>
          </reporter-output>
        </test-method> <!-- testSubtract -->
      </class> <!-- com.poly.CalculatorTest -->
    </test> <!-- Default test -->
  </suite> <!-- Default suite -->
</testng-results>
