<?xml version="1.0" encoding="UTF-8"?>
<!-- Generated by org.testng.reporters.JUnitReportReporter -->
<testsuite hostname="DESKTOP-M31RVRJ" failures="0" tests="2" name="com.poly.CalculatorTest" time="0.024" errors="0" timestamp="2025-04-14T07:50:16 ICT" skipped="0">
  <testcase classname="com.poly.CalculatorTest" name="testAdd" time="0.022"/>
  <system-out/>
  <testcase classname="com.poly.CalculatorTest" name="testSubtract" time="0.002"/>
  <system-out/>
</testsuite> <!-- com.poly.CalculatorTest -->
